<?xml version="1.0" encoding="UTF-8"?>
<testsuite name="it.unife.ingsw2024.IngSw2024JspOnlyApplicationTests" tests="1" skipped="0" failures="0" errors="0" timestamp="2024-05-31T13:55:17" hostname="matteo-VivoBook-ASUSLaptop-M3502QA-M3502QA" time="0.442">
  <properties/>
  <testcase name="contextLoads()" classname="it.unife.ingsw2024.IngSw2024JspOnlyApplicationTests" time="0.442"/>
  <system-out><![CDATA[15:55:14.013 [Test worker] INFO org.springframework.test.context.support.AnnotationConfigContextLoaderUtils -- Could not detect default configuration classes for test class [it.unife.ingsw2024.IngSw2024JspOnlyApplicationTests]: IngSw2024JspOnlyApplicationTests does not declare any static, non-private, non-final, nested classes annotated with @Configuration.
15:55:14.079 [Test worker] INFO org.springframework.boot.test.context.SpringBootTestContextBootstrapper -- Found @SpringBootConfiguration it.unife.ingsw2024.JspSampleApplication for test class it.unife.ingsw2024.IngSw2024JspOnlyApplicationTests

  .   ____          _            __ _ _
 /\\ / ___'_ __ _ _(_)_ __  __ _ \ \ \ \
( ( )\___ | '_ | '_| | '_ \/ _` | \ \ \ \
 \\/  ___)| |_)| | | | | || (_| |  ) ) ) )
  '  |____| .__|_| |_|_| |_\__, | / / / /
 =========|_|==============|___/=/_/_/_/
 :: Spring Boot ::                (v3.2.4)

2024-05-31T15:55:14.382+02:00  INFO 11893 --- [IngSw2024-jsp-only] [    Test worker] i.u.i.IngSw2024JspOnlyApplicationTests   : Starting IngSw2024JspOnlyApplicationTests using Java 21.0.2 with PID 11893 (started by matteo in /home/matteo/Documents/progetti/Ing_Software/progeasy/IngSw2024JSPTemplate)
2024-05-31T15:55:14.384+02:00  INFO 11893 --- [IngSw2024-jsp-only] [    Test worker] i.u.i.IngSw2024JspOnlyApplicationTests   : No active profile set, falling back to 1 default profile: "default"
2024-05-31T15:55:14.943+02:00  INFO 11893 --- [IngSw2024-jsp-only] [    Test worker] .s.d.r.c.RepositoryConfigurationDelegate : Bootstrapping Spring Data JPA repositories in DEFAULT mode.
2024-05-31T15:55:14.974+02:00  INFO 11893 --- [IngSw2024-jsp-only] [    Test worker] .s.d.r.c.RepositoryConfigurationDelegate : Finished Spring Data repository scanning in 25 ms. Found 1 JPA repository interface.
2024-05-31T15:55:15.090+02:00  INFO 11893 --- [IngSw2024-jsp-only] [    Test worker] o.s.cloud.context.scope.GenericScope     : BeanFactory id=7b9e1da6-247c-3b20-8eb3-f2fc347ea324
2024-05-31T15:55:15.443+02:00  INFO 11893 --- [IngSw2024-jsp-only] [    Test worker] o.hibernate.jpa.internal.util.LogHelper  : HHH000204: Processing PersistenceUnitInfo [name: default]
2024-05-31T15:55:15.481+02:00  INFO 11893 --- [IngSw2024-jsp-only] [    Test worker] org.hibernate.Version                    : HHH000412: Hibernate ORM core version 6.4.4.Final
2024-05-31T15:55:15.502+02:00  INFO 11893 --- [IngSw2024-jsp-only] [    Test worker] o.h.c.internal.RegionFactoryInitiator    : HHH000026: Second-level cache disabled
2024-05-31T15:55:15.643+02:00  INFO 11893 --- [IngSw2024-jsp-only] [    Test worker] o.s.o.j.p.SpringPersistenceUnitInfo      : No LoadTimeWeaver setup: ignoring JPA class transformer
2024-05-31T15:55:15.660+02:00  INFO 11893 --- [IngSw2024-jsp-only] [    Test worker] com.zaxxer.hikari.HikariDataSource       : HikariPool-1 - Starting...
2024-05-31T15:55:15.914+02:00  INFO 11893 --- [IngSw2024-jsp-only] [    Test worker] com.zaxxer.hikari.pool.HikariPool        : HikariPool-1 - Added connection com.mysql.cj.jdbc.ConnectionImpl@1397b141
2024-05-31T15:55:15.916+02:00  INFO 11893 --- [IngSw2024-jsp-only] [    Test worker] com.zaxxer.hikari.HikariDataSource       : HikariPool-1 - Start completed.
2024-05-31T15:55:16.446+02:00  INFO 11893 --- [IngSw2024-jsp-only] [    Test worker] o.h.e.t.j.p.i.JtaPlatformInitiator       : HHH000489: No JTA platform available (set 'hibernate.transaction.jta.platform' to enable JTA platform integration)
2024-05-31T15:55:16.483+02:00  INFO 11893 --- [IngSw2024-jsp-only] [    Test worker] j.LocalContainerEntityManagerFactoryBean : Initialized JPA EntityManagerFactory for persistence unit 'default'
2024-05-31T15:55:16.820+02:00  WARN 11893 --- [IngSw2024-jsp-only] [    Test worker] JpaBaseConfiguration$JpaWebConfiguration : spring.jpa.open-in-view is enabled by default. Therefore, database queries may be performed during view rendering. Explicitly configure spring.jpa.open-in-view to disable this warning
2024-05-31T15:55:17.471+02:00  INFO 11893 --- [IngSw2024-jsp-only] [    Test worker] o.s.b.a.e.web.EndpointLinksResolver      : Exposing 1 endpoint(s) beneath base path '/actuator'
2024-05-31T15:55:17.538+02:00  INFO 11893 --- [IngSw2024-jsp-only] [    Test worker] i.u.i.IngSw2024JspOnlyApplicationTests   : Started IngSw2024JspOnlyApplicationTests in 3.365 seconds (process running for 4.107)
]]></system-out>
  <system-err><![CDATA[WARNING: A Java agent has been loaded dynamically (/home/matteo/.gradle/caches/modules-2/files-2.1/net.bytebuddy/byte-buddy-agent/1.14.12/be4984cb6fd1ef1d11f218a648889dfda44b8a15/byte-buddy-agent-1.14.12.jar)
WARNING: If a serviceability tool is in use, please run with -XX:+EnableDynamicAgentLoading to hide this warning
WARNING: If a serviceability tool is not in use, please run with -Djdk.instrument.traceUsage for more information
WARNING: Dynamic loading of agents will be disallowed by default in a future release
]]></system-err>
</testsuite>
